2025-04-08 23:44:55.363651 - Received CBT.V508.FILE125.PDS from FILE125.XMI 
2025-04-08 23:44:55.367536 - Found $$$#DATE.txt (text/plain) in CBT.V508.FILE125.PDS, moved to PDS/$$$#DATE
2025-04-08 23:44:55.368175 - Found $$README.txt (text/plain) in CBT.V508.FILE125.PDS, moved to PDS/$$README
2025-04-08 23:44:55.368778 - Found $FILE1.txt (text/plain) in CBT.V508.FILE125.PDS, moved to PDS/$FILE1
2025-04-08 23:44:55.369373 - Found $MEMINFO.txt (text/plain) in CBT.V508.FILE125.PDS, moved to PDS/$MEMINFO
2025-04-08 23:44:55.369953 - Found $SASDOC.txt (text/plain) in CBT.V508.FILE125.PDS, moved to PDS/$SASDOC
2025-04-08 23:44:55.370539 - Found @FILE125.txt (text/plain) in CBT.V508.FILE125.PDS, moved to PDS/@FILE125
2025-04-08 23:44:55.371066 - Found ALLOCPDS.jcl (text/plain) in CBT.V508.FILE125.PDS, moved to PDS/ALLOCPDS
2025-04-08 23:44:55.371622 - Found ALLOCSAS.jcl (text/plain) in CBT.V508.FILE125.PDS, moved to PDS/ALLOCSAS
2025-04-08 23:44:55.372245 - Found BADREC.txt (text/plain) in CBT.V508.FILE125.PDS, moved to PDS/BADREC
2025-04-08 23:44:55.372868 - Found BATCH.jcl (text/plain) in CBT.V508.FILE125.PDS, moved to PDS/BATCH
2025-04-08 23:44:55.373395 - Found CONTENTS.jcl (text/plain) in CBT.V508.FILE125.PDS, moved to PDS/CONTENTS
2025-04-08 23:44:55.374005 - Found COPYDT.jcl (text/plain) in CBT.V508.FILE125.PDS, moved to PDS/COPYDT
2025-04-08 23:44:55.374537 - Found CPTOT.txt (text/plain) in CBT.V508.FILE125.PDS, moved to PDS/CPTOT
2025-04-08 23:44:55.375043 - Found CPTOTJ.jcl (text/plain) in CBT.V508.FILE125.PDS, moved to PDS/CPTOTJ
2025-04-08 23:44:55.375658 - Found CPTOTW.txt (text/plain) in CBT.V508.FILE125.PDS, moved to PDS/CPTOTW
2025-04-08 23:44:55.376145 - Found CPTOTWJ.jcl (text/plain) in CBT.V508.FILE125.PDS, moved to PDS/CPTOTWJ
2025-04-08 23:44:55.376750 - Found CPTOT1.txt (text/plain) in CBT.V508.FILE125.PDS, moved to PDS/CPTOT1
2025-04-08 23:44:55.377333 - Found CPUCP.txt (text/plain) in CBT.V508.FILE125.PDS, moved to PDS/CPUCP
2025-04-08 23:44:55.377881 - Found CPUCPW.txt (text/plain) in CBT.V508.FILE125.PDS, moved to PDS/CPUCPW
2025-04-08 23:44:55.378380 - Found CPUCPWX.txt (text/plain) in CBT.V508.FILE125.PDS, moved to PDS/CPUCPWX
2025-04-08 23:44:55.378945 - Found CPUNDL.txt (text/plain) in CBT.V508.FILE125.PDS, moved to PDS/CPUNDL
2025-04-08 23:44:55.379525 - Found CPUNDL3.txt (text/plain) in CBT.V508.FILE125.PDS, moved to PDS/CPUNDL3
2025-04-08 23:44:55.380151 - Found CPUT.txt (text/plain) in CBT.V508.FILE125.PDS, moved to PDS/CPUT
2025-04-08 23:44:55.380722 - Found CPUTJ.jcl (text/plain) in CBT.V508.FILE125.PDS, moved to PDS/CPUTJ
2025-04-08 23:44:55.381336 - Found CPUTW.txt (text/plain) in CBT.V508.FILE125.PDS, moved to PDS/CPUTW
2025-04-08 23:44:55.381961 - Found CPUTWJ.jcl (text/plain) in CBT.V508.FILE125.PDS, moved to PDS/CPUTWJ
2025-04-08 23:44:55.382489 - Found D2BAV.txt (text/plain) in CBT.V508.FILE125.PDS, moved to PDS/D2BAV
2025-04-08 23:44:55.382993 - Found D2BMM.txt (text/plain) in CBT.V508.FILE125.PDS, moved to PDS/D2BMM
2025-04-08 23:44:55.383606 - Found D2CPU.txt (text/plain) in CBT.V508.FILE125.PDS, moved to PDS/D2CPU
2025-04-08 23:44:55.384104 - Found D2M1CPU.txt (text/plain) in CBT.V508.FILE125.PDS, moved to PDS/D2M1CPU
2025-04-08 23:44:55.384679 - Found D2M1TEST.txt (text/plain) in CBT.V508.FILE125.PDS, moved to PDS/D2M1TEST
2025-04-08 23:44:55.385266 - Found D2PPS.txt (text/plain) in CBT.V508.FILE125.PDS, moved to PDS/D2PPS
2025-04-08 23:44:55.385838 - Found D2PPS2.txt (text/plain) in CBT.V508.FILE125.PDS, moved to PDS/D2PPS2
2025-04-08 23:44:55.386342 - Found D2PPS3.txt (text/plain) in CBT.V508.FILE125.PDS, moved to PDS/D2PPS3
2025-04-08 23:44:55.386947 - Found D2RT2.txt (text/plain) in CBT.V508.FILE125.PDS, moved to PDS/D2RT2
2025-04-08 23:44:55.387465 - Found D2RT2P1.txt (text/plain) in CBT.V508.FILE125.PDS, moved to PDS/D2RT2P1
2025-04-08 23:44:55.387952 - Found D2RT3.txt (text/plain) in CBT.V508.FILE125.PDS, moved to PDS/D2RT3
2025-04-08 23:44:55.388471 - Found D2TMM.txt (text/plain) in CBT.V508.FILE125.PDS, moved to PDS/D2TMM
2025-04-08 23:44:55.389075 - Found D2TMMR.txt (text/plain) in CBT.V508.FILE125.PDS, moved to PDS/D2TMMR
2025-04-08 23:44:55.389566 - Found D2TMMX.txt (text/plain) in CBT.V508.FILE125.PDS, moved to PDS/D2TMMX
2025-04-08 23:44:55.390145 - Found EX718901.txt (text/plain) in CBT.V508.FILE125.PDS, moved to PDS/EX718901
2025-04-08 23:44:55.390757 - Found EX718902.txt (text/plain) in CBT.V508.FILE125.PDS, moved to PDS/EX718902
2025-04-08 23:44:55.391279 - Found EX718903.txt (text/plain) in CBT.V508.FILE125.PDS, moved to PDS/EX718903
2025-04-08 23:44:55.391822 - Found EX718904.txt (text/plain) in CBT.V508.FILE125.PDS, moved to PDS/EX718904
2025-04-08 23:44:55.392384 - Found EX718905.txt (text/plain) in CBT.V508.FILE125.PDS, moved to PDS/EX718905
2025-04-08 23:44:55.392990 - Found EX728811.txt (text/plain) in CBT.V508.FILE125.PDS, moved to PDS/EX728811
2025-04-08 23:44:55.393520 - Found EX728812.txt (text/plain) in CBT.V508.FILE125.PDS, moved to PDS/EX728812
2025-04-08 23:44:55.394147 - Found EX728901.txt (text/plain) in CBT.V508.FILE125.PDS, moved to PDS/EX728901
2025-04-08 23:44:55.394647 - Found EX728902.txt (text/plain) in CBT.V508.FILE125.PDS, moved to PDS/EX728902
2025-04-08 23:44:55.395227 - Found EX8811.txt (text/plain) in CBT.V508.FILE125.PDS, moved to PDS/EX8811
2025-04-08 23:44:55.395752 - Found EX8812.txt (text/plain) in CBT.V508.FILE125.PDS, moved to PDS/EX8812
2025-04-08 23:44:55.396273 - Found EX8901.txt (text/plain) in CBT.V508.FILE125.PDS, moved to PDS/EX8901
2025-04-08 23:44:55.396863 - Found EX8902.txt (text/plain) in CBT.V508.FILE125.PDS, moved to PDS/EX8902
2025-04-08 23:44:55.397428 - Found EX8903.txt (text/plain) in CBT.V508.FILE125.PDS, moved to PDS/EX8903
2025-04-08 23:44:55.398005 - Found EX8904.txt (text/plain) in CBT.V508.FILE125.PDS, moved to PDS/EX8904
2025-04-08 23:44:55.398530 - Found EX8905.txt (text/plain) in CBT.V508.FILE125.PDS, moved to PDS/EX8905
2025-04-08 23:44:55.399092 - Found GOPTIONS.txt (text/plain) in CBT.V508.FILE125.PDS, moved to PDS/GOPTIONS
2025-04-08 23:44:55.399596 - Found HHWEEKER.txt (text/plain) in CBT.V508.FILE125.PDS, moved to PDS/HHWEEKER
2025-04-08 23:44:55.400101 - Found HHWEEKM.txt (text/plain) in CBT.V508.FILE125.PDS, moved to PDS/HHWEEKM
2025-04-08 23:44:55.400766 - Found HHWEEKMJ.jcl (text/plain) in CBT.V508.FILE125.PDS, moved to PDS/HHWEEKMJ
2025-04-08 23:44:55.401323 - Found JOBCARD.jcl (text/plain) in CBT.V508.FILE125.PDS, moved to PDS/JOBCARD
2025-04-08 23:44:55.401932 - Found LOADTP.jcl (text/plain) in CBT.V508.FILE125.PDS, moved to PDS/LOADTP
2025-04-08 23:44:55.402489 - Found M1HH.txt (text/plain) in CBT.V508.FILE125.PDS, moved to PDS/M1HH
2025-04-08 23:44:55.403118 - Found PGSECC.txt (text/plain) in CBT.V508.FILE125.PDS, moved to PDS/PGSECC
2025-04-08 23:44:55.403745 - Found PPS3D.txt (text/plain) in CBT.V508.FILE125.PDS, moved to PDS/PPS3D
2025-04-08 23:44:55.404322 - Found PPS3DS.txt (text/plain) in CBT.V508.FILE125.PDS, moved to PDS/PPS3DS
2025-04-08 23:44:55.404987 - Found PRINT.jcl (text/plain) in CBT.V508.FILE125.PDS, moved to PDS/PRINT
2025-04-08 23:44:55.405538 - Found PRINTMEM.jcl (text/plain) in CBT.V508.FILE125.PDS, moved to PDS/PRINTMEM
2025-04-08 23:44:55.406097 - Found REGCPU.txt (text/plain) in CBT.V508.FILE125.PDS, moved to PDS/REGCPU
2025-04-08 23:44:55.406646 - Found REGM1CPU.txt (text/plain) in CBT.V508.FILE125.PDS, moved to PDS/REGM1CPU
2025-04-08 23:44:55.407229 - Found REGPPS1.txt (text/plain) in CBT.V508.FILE125.PDS, moved to PDS/REGPPS1
2025-04-08 23:44:55.407794 - Found REGPROC.txt (text/plain) in CBT.V508.FILE125.PDS, moved to PDS/REGPROC
2025-04-08 23:44:55.408397 - Found RMF70.txt (text/plain) in CBT.V508.FILE125.PDS, moved to PDS/RMF70
2025-04-08 23:44:55.408878 - Found RMF70J.jcl (text/plain) in CBT.V508.FILE125.PDS, moved to PDS/RMF70J
2025-04-08 23:44:55.409502 - Found RMF70W.txt (text/plain) in CBT.V508.FILE125.PDS, moved to PDS/RMF70W
2025-04-08 23:44:55.410075 - Found RMF70WJ.jcl (text/plain) in CBT.V508.FILE125.PDS, moved to PDS/RMF70WJ
2025-04-08 23:44:55.410685 - Found RMF71.txt (text/plain) in CBT.V508.FILE125.PDS, moved to PDS/RMF71
2025-04-08 23:44:55.411256 - Found RMF71J.jcl (text/plain) in CBT.V508.FILE125.PDS, moved to PDS/RMF71J
2025-04-08 23:44:55.411775 - Found RMF71W.txt (text/plain) in CBT.V508.FILE125.PDS, moved to PDS/RMF71W
2025-04-08 23:44:55.412386 - Found RMF71WJ.jcl (text/plain) in CBT.V508.FILE125.PDS, moved to PDS/RMF71WJ
2025-04-08 23:44:55.413025 - Found RMF72.txt (text/plain) in CBT.V508.FILE125.PDS, moved to PDS/RMF72
2025-04-08 23:44:55.413657 - Found RMF72J.jcl (text/plain) in CBT.V508.FILE125.PDS, moved to PDS/RMF72J
2025-04-08 23:44:55.414266 - Found RMF72W.txt (text/plain) in CBT.V508.FILE125.PDS, moved to PDS/RMF72W
2025-04-08 23:44:55.414843 - Found RMF72WJ.jcl (text/plain) in CBT.V508.FILE125.PDS, moved to PDS/RMF72WJ
2025-04-08 23:44:55.415420 - Found RM1CPMAX.txt (text/plain) in CBT.V508.FILE125.PDS, moved to PDS/RM1CPMAX
2025-04-08 23:44:55.415953 - Found RM1CPU.txt (text/plain) in CBT.V508.FILE125.PDS, moved to PDS/RM1CPU
2025-04-08 23:44:55.416559 - Found RM1CPUW.txt (text/plain) in CBT.V508.FILE125.PDS, moved to PDS/RM1CPUW
2025-04-08 23:44:55.417135 - Found RT213D.txt (text/plain) in CBT.V508.FILE125.PDS, moved to PDS/RT213D
2025-04-08 23:44:55.417705 - Found SASCLIST.txt (text/plain) in CBT.V508.FILE125.PDS, moved to PDS/SASCLIST
2025-04-08 23:44:55.418284 - Found SASTC.txt (text/plain) in CBT.V508.FILE125.PDS, moved to PDS/SASTC
2025-04-08 23:44:55.418961 - Found SORTRMF.jcl (text/plain) in CBT.V508.FILE125.PDS, moved to PDS/SORTRMF
2025-04-08 23:44:55.419562 - Found TCCLIST.txt (text/plain) in CBT.V508.FILE125.PDS, moved to PDS/TCCLIST
2025-04-08 23:44:55.420079 - Found UNLOAD.jcl (text/plain) in CBT.V508.FILE125.PDS, moved to PDS/UNLOAD
2025-04-08 23:44:55.420728 - Found VPSOPT.txt (text/plain) in CBT.V508.FILE125.PDS, moved to PDS/VPSOPT
2025-04-08 23:44:55.421285 - Found XY9910.txt (text/plain) in CBT.V508.FILE125.PDS, moved to PDS/XY9910
2025-04-08 23:44:55.421820 - Found XY9910AS.jcl (text/plain) in CBT.V508.FILE125.PDS, moved to PDS/XY9910AS
2025-04-08 23:44:55.422296 - Found XY9910J.jcl (text/plain) in CBT.V508.FILE125.PDS, moved to PDS/XY9910J
